[1640:10600:0503/135655.923:WARNING:chrome_main_delegate.cc(745)] This is Chrome version 128.0.6613.138 (not a warning)
[1640:10600:0503/135655.975:WARNING:account_consistency_mode_manager.cc(77)] Desktop Identity Consistency cannot be enabled as no OAuth client ID and client secret have been configured.
[12672:10628:0503/135659.737:WARNING:frame_impl.cc(430)] virtual CefFrameImpl::SendProcessMessage sent to detached frame 5-4ACACCA8F5BE0F8AB31B6F16A6834CF2 will be ignored
[1640:10600:0503/141429.334:ERROR:device_event_log_impl.cc(196)] [14:14:29.326] USB: usb_service_win.cc:105 SetupDiGetDeviceProperty({{A45C254E-DF1C-4EFD-8020-67D146A850E0}, 6}) failed: Element not found. (0x490)
[8440:2508:0503/142120.791:WARNING:frame_impl.cc(430)] virtual CefFrameImpl::SendProcessMessage sent to detached frame 7-519B73F56FAF1186DE3B5904222A60D5 will be ignored
[9256:8484:0503/142242.614:WARNING:angle_platform_impl.cc(49)] HLSLCompiler.cpp:250 (rx::HLSLCompiler::compileToBinary): 
C:\fakepath(103,1-6): warning X4000: use of potentially uninitialized variable (dyn_index_vec4_float4_int)

[9256:11116:0503/142242.734:WARNING:angle_platform_impl.cc(49)] HLSLCompiler.cpp:250 (rx::HLSLCompiler::compileToBinary): 
C:\fakepath(136,1): warning X4000: use of potentially uninitialized variable (f_i_int_int_int2)
C:\fakepath(138,1): warning X4000: use of potentially uninitialized variable (f_i_int_int_int2)
C:\fakepath(174,1): warning X4000: use of potentially uninitialized variable (f_u_int_int_int)

[9256:11116:0503/142243.382:WARNING:angle_platform_impl.cc(49)] HLSLCompiler.cpp:250 (rx::HLSLCompiler::compileToBinary): 
C:\fakepath(166,1): warning X4000: use of potentially uninitialized variable (f_renderMipMapLevel_int)

[9256:12108:0503/142243.486:WARNING:angle_platform_impl.cc(49)] HLSLCompiler.cpp:250 (rx::HLSLCompiler::compileToBinary): 
C:\fakepath(382,11-39): warning X4008: floating point division by zero
C:\fakepath(382,11-39): warning X4008: floating point division by zero

[9256:2496:0503/142400.335:WARNING:angle_platform_impl.cc(49)] HLSLCompiler.cpp:250 (rx::HLSLCompiler::compileToBinary): 
C:\fakepath(382,11-39): warning X4008: floating point division by zero
C:\fakepath(382,11-39): warning X4008: floating point division by zero

[9256:4772:0503/142603.385:ERROR:shared_image_manager.cc(224)] SharedImageManager::ProduceSkia: Trying to Produce a Skia representation from a non-existent mailbox.
